[LOG - 2025-07-20T05:41:07.881Z] Server running on http://localhost:3000
[LOG - 2025-07-20T05:41:24.027Z] Report: products in category Elektronik fetched
[LOG - 2025-07-20T05:50:13.244Z] Server running on http://localhost:3000
[LOG - 2025-07-20T05:56:11.528Z] Route not found: GET /
[LOG - 2025-07-20T05:56:19.608Z] Route not found: GET /prducts
[LOG - 2025-07-20T05:56:36.569Z] Report: products in category Elektronik fetched
[LOG - 2025-07-20T06:00:00.891Z] Server running on http://localhost:3000
[LOG - 2025-07-20T06:00:56.355Z] Server running on http://localhost:3000
[LOG - 2025-07-20T06:21:32.716Z] Route not found: OPTIONS /reports/inventoryAll
[LOG - 2025-07-20T06:21:32.729Z] Route not found: OPTIONS /reports/inventoryAll
[LOG - 2025-07-20T06:21:41.938Z] Route not found: OPTIONS /reports/inventoryAll
[LOG - 2025-07-20T06:21:41.947Z] Route not found: OPTIONS /reports/inventoryAll
[LOG - 2025-07-20T06:23:20.058Z] Route not found: OPTIONS /reports/inventoryAll
[LOG - 2025-07-20T06:23:20.070Z] Route not found: OPTIONS /reports/inventoryAll
[LOG - 2025-07-20T06:23:53.544Z] Route not found: OPTIONS /reports/inventoryAll
[LOG - 2025-07-20T06:23:53.549Z] Route not found: OPTIONS /reports/inventoryAll
[LOG - 2025-07-20T06:23:55.458Z] Route not found: OPTIONS /reports/inventoryAll
[LOG - 2025-07-20T06:23:55.464Z] Route not found: OPTIONS /reports/inventoryAll
[LOG - 2025-07-20T06:24:01.159Z] Route not found: OPTIONS /reports/inventoryAll
[LOG - 2025-07-20T06:24:01.165Z] Route not found: OPTIONS /reports/inventoryAll
[LOG - 2025-07-20T06:24:49.597Z] Route not found: OPTIONS /reports/inventoryAll
[LOG - 2025-07-20T06:24:49.601Z] Route not found: OPTIONS /reports/inventoryAll
[LOG - 2025-07-20T06:25:10.257Z] Route not found: OPTIONS /reports/inventoryAll
[LOG - 2025-07-20T06:25:10.262Z] Route not found: OPTIONS /reports/inventoryAll
[LOG - 2025-07-20T06:25:16.945Z] Route not found: GET /favicon.ico
[LOG - 2025-07-20T06:26:46.531Z] Route not found: OPTIONS /reports/inventoryAll
[LOG - 2025-07-20T06:26:46.535Z] Route not found: OPTIONS /reports/inventoryAll
[LOG - 2025-07-20T06:26:56.639Z] Route not found: OPTIONS /reports/inventoryAll
[LOG - 2025-07-20T06:26:56.643Z] Route not found: OPTIONS /reports/inventoryAll
[LOG - 2025-07-20T06:27:00.828Z] Route not found: GET /favicon.ico
[LOG - 2025-07-20T06:27:23.767Z] Route not found: OPTIONS /reports/inventoryAll
[LOG - 2025-07-20T06:27:23.770Z] Route not found: OPTIONS /reports/inventoryAll
[LOG - 2025-07-20T06:29:54.339Z] Server running on http://localhost:3000
[LOG - 2025-07-20T06:38:35.037Z] Server running on http://localhost:3000
[LOG - 2025-07-20T06:48:13.515Z] Server running on http://localhost:3000
[LOG - 2025-07-20T07:05:12.196Z] Server running on http://localhost:3000
[LOG - 2025-07-20T07:10:15.032Z] Server running on http://localhost:3000
[LOG - 2025-07-20T07:15:42.194Z] Server running on http://localhost:3000
[LOG - 2025-07-20T07:18:18.604Z] ⚠️ Low stock for product P006, remaining: 3
[LOG - 2025-07-20T07:18:18.623Z] Transaction recorded: trx118
[LOG - 2025-07-20T07:18:18.624Z] Transaction created: ID=trx118, ProductID=P006, Qty=2, Type=sale, CustomerID=cust002
[LOG - 2025-07-20T07:23:03.672Z] Diskon 15% diterapkan untuk customer cust002, quantity: 2 → 1.7
[LOG - 2025-07-20T07:23:03.685Z] Transaction error: invalid input syntax for type integer: "1.3"
[LOG - 2025-07-20T07:23:24.015Z] Server running on http://localhost:3000
[LOG - 2025-07-20T07:23:31.019Z] Diskon 15% diterapkan untuk customer cust002, quantity: 2 → 1.7
[LOG - 2025-07-20T07:23:31.028Z] Transaction error: invalid input syntax for type integer: "1.3"
[LOG - 2025-07-20T07:23:57.828Z] Diskon 15% diterapkan untuk customer cust002, quantity: 2 → 1.7
[LOG - 2025-07-20T07:23:57.833Z] Transaction error: invalid input syntax for type integer: "1.3"
[LOG - 2025-07-20T07:24:57.508Z] ⚠️ Low stock for product P006, remaining: 1
[LOG - 2025-07-20T07:24:57.526Z] Transaction recorded: trx108
[LOG - 2025-07-20T07:24:57.528Z] Transaction created: ID=trx108, ProductID=P006, Qty=2, Type=sale, CustomerID=cust004
[LOG - 2025-07-20T07:28:36.488Z] Server running on http://localhost:3000
[LOG - 2025-07-20T07:28:52.299Z] Diskon 15% diterapkan untuk customer cust004, quantity: 2 → 1.7
[LOG - 2025-07-20T07:28:52.304Z] Transaction error: Stock cannot be negative
[LOG - 2025-07-20T07:29:00.539Z] Diskon 15% diterapkan untuk customer cust004, quantity: 1 → 0.85
[LOG - 2025-07-20T07:29:00.544Z] Transaction error: invalid input syntax for type integer: "0.15000000000000002"
[LOG - 2025-07-20T07:29:11.285Z] ⚠️ Low stock for product P006, remaining: 0
[LOG - 2025-07-20T07:29:11.304Z] Transaction error: duplicate key value violates unique constraint "transactions_pkey"
[LOG - 2025-07-20T07:29:21.207Z] Transaction error: Stock cannot be negative
[LOG - 2025-07-20T07:29:41.768Z] ⚠️ Low stock for product P006, remaining: 2
[LOG - 2025-07-20T07:29:41.772Z] Transaction recorded: trx109
[LOG - 2025-07-20T07:29:41.774Z] Transaction created: ID=trx109, ProductID=P006, Qty=1, Type=sale, CustomerID=cust005
[LOG - 2025-07-20T08:05:51.373Z] Server running on http://localhost:3000
[LOG - 2025-07-20T08:11:39.306Z] Transaction recorded: T016
[LOG - 2025-07-20T08:11:39.307Z] Transaction created: ID=T016, ProductID=P001, Qty=5, Type=sale, CustomerID=cust005
[LOG - 2025-07-20T08:12:10.561Z] Server running on http://localhost:3000
[LOG - 2025-07-20T08:12:22.719Z] 📦 Transaction recorded: T017
[LOG - 2025-07-20T08:12:22.720Z] Transaction created: ID=T017, ProductID=P001, Qty=5, Type=sale, CustomerID=cust005
[LOG - 2025-07-20T08:12:41.759Z] ✅ Diskon 15% diterapkan untuk customer cust005 pada transaksi ke-3
[LOG - 2025-07-20T08:12:41.764Z] 📦 Transaction recorded: T018
[LOG - 2025-07-20T08:12:41.765Z] Transaction created: ID=T018, ProductID=P001, Qty=5, Type=sale, CustomerID=cust005
[LOG - 2025-07-20T08:14:57.800Z] Server running on http://localhost:3000
[LOG - 2025-07-20T08:20:17.643Z] Server running on http://localhost:3000
[LOG - 2025-07-20T08:21:51.510Z] Server running on http://localhost:3000
